# JRE version: OpenJDK Runtime Environment (8.0_402-b08) (build 1.8.0_402-b08)
# Java VM: OpenJDK 64-Bit Server VM (25.402-b08 mixed mode bsd-amd64 compressed oops)
Heap:
 PSYoungGen      total 551424K, used 222969K [0x000000076ab00000, 0x00000007a2f80000, 0x00000007c0000000)
  eden space 509440K, 35% used [0x000000076ab00000,0x0000000775bc5a08,0x0000000789c80000)
  from space 41984K, 99% used [0x0000000789c80000,0x000000078c578cb0,0x000000078c580000)
  to   space 50688K, 0% used [0x000000079fe00000,0x000000079fe00000,0x00000007a2f80000)
 ParOldGen       total 157184K, used 48885K [0x00000006c0000000, 0x00000006c9980000, 0x000000076ab00000)
  object space 157184K, 31% used [0x00000006c0000000,0x00000006c2fbd620,0x00000006c9980000)
 Metaspace       used 34464K, capacity 34896K, committed 35328K, reserved 1079296K
  class space    used 4638K, capacity 4795K, committed 4864K, reserved 1048576K
GC Heap History (10 events):
Event: 2.944 GC heap before
{Heap before GC invocations=4 (full 0):
 PSYoungGen      total 141824K, used 141795K [0x000000076ab00000, 0x000000077c000000, 0x00000007c0000000)
  eden space 131072K, 100% used [0x000000076ab00000,0x0000000772b00000,0x0000000772b00000)
  from space 10752K, 99% used [0x0000000772b00000,0x0000000773578ca0,0x0000000773580000)
  to   space 10752K, 0% used [0x000000077b580000,0x000000077b580000,0x000000077c000000)
 ParOldGen       total 175104K, used 37746K [0x00000006c0000000, 0x00000006cab00000, 0x000000076ab00000)
  object space 175104K, 21% used [0x00000006c0000000,0x00000006c24dc8a8,0x00000006cab00000)
 Metaspace       used 19856K, capacity 20260K, committed 20480K, reserved 1067008K
  class space    used 2435K, capacity 2543K, committed 2560K, reserved 1048576K
Event: 2.972 GC heap after
Heap after GC invocations=4 (full 0):
 PSYoungGen      total 272896K, used 10732K [0x000000076ab00000, 0x000000077c000000, 0x00000007c0000000)
  eden space 262144K, 0% used [0x000000076ab00000,0x000000076ab00000,0x000000077ab00000)
  from space 10752K, 99% used [0x000000077b580000,0x000000077bffb3d0,0x000000077c000000)
  to   space 10752K, 0% used [0x000000077ab00000,0x000000077ab00000,0x000000077b580000)
 ParOldGen       total 175104K, used 57741K [0x00000006c0000000, 0x00000006cab00000, 0x000000076ab00000)
  object space 175104K, 32% used [0x00000006c0000000,0x00000006c3863400,0x00000006cab00000)
 Metaspace       used 19856K, capacity 20260K, committed 20480K, reserved 1067008K
  class space    used 2435K, capacity 2543K, committed 2560K, reserved 1048576K
}
Event: 3.274 GC heap before
{Heap before GC invocations=5 (full 0):
 PSYoungGen      total 272896K, used 57758K [0x000000076ab00000, 0x000000077c000000, 0x00000007c0000000)
  eden space 262144K, 17% used [0x000000076ab00000,0x000000076d8ec5e0,0x000000077ab00000)
  from space 10752K, 99% used [0x000000077b580000,0x000000077bffb3d0,0x000000077c000000)
  to   space 10752K, 0% used [0x000000077ab00000,0x000000077ab00000,0x000000077b580000)
 ParOldGen       total 175104K, used 57741K [0x00000006c0000000, 0x00000006cab00000, 0x000000076ab00000)
  object space 175104K, 32% used [0x00000006c0000000,0x00000006c3863400,0x00000006cab00000)
 Metaspace       used 20683K, capacity 21040K, committed 21296K, reserved 1069056K
  class space    used 2507K, capacity 2607K, committed 2688K, reserved 1048576K
Event: 3.297 GC heap after
Heap after GC invocations=5 (full 0):
 PSYoungGen      total 272896K, used 10722K [0x000000076ab00000, 0x0000000790200000, 0x00000007c0000000)
  eden space 262144K, 0% used [0x000000076ab00000,0x000000076ab00000,0x000000077ab00000)
  from space 10752K, 99% used [0x000000077ab00000,0x000000077b578830,0x000000077b580000)
  to   space 44544K, 0% used [0x000000078d680000,0x000000078d680000,0x0000000790200000)
 ParOldGen       total 175104K, used 59212K [0x00000006c0000000, 0x00000006cab00000, 0x000000076ab00000)
  object space 175104K, 33% used [0x00000006c0000000,0x00000006c39d3388,0x00000006cab00000)
 Metaspace       used 20683K, capacity 21040K, committed 21296K, reserved 1069056K
  class space    used 2507K, capacity 2607K, committed 2688K, reserved 1048576K
}
Event: 3.297 GC heap before
{Heap before GC invocations=6 (full 1):
 PSYoungGen      total 272896K, used 10722K [0x000000076ab00000, 0x0000000790200000, 0x00000007c0000000)
  eden space 262144K, 0% used [0x000000076ab00000,0x000000076ab00000,0x000000077ab00000)
  from space 10752K, 99% used [0x000000077ab00000,0x000000077b578830,0x000000077b580000)
  to   space 44544K, 0% used [0x000000078d680000,0x000000078d680000,0x0000000790200000)
 ParOldGen       total 175104K, used 59212K [0x00000006c0000000, 0x00000006cab00000, 0x000000076ab00000)
  object space 175104K, 33% used [0x00000006c0000000,0x00000006c39d3388,0x00000006cab00000)
 Metaspace       used 20683K, capacity 21040K, committed 21296K, reserved 1069056K
  class space    used 2507K, capacity 2607K, committed 2688K, reserved 1048576K
Event: 3.329 GC heap after
Heap after GC invocations=6 (full 1):
 PSYoungGen      total 272896K, used 0K [0x000000076ab00000, 0x0000000790200000, 0x00000007c0000000)
  eden space 262144K, 0% used [0x000000076ab00000,0x000000076ab00000,0x000000077ab00000)
  from space 10752K, 0% used [0x000000077ab00000,0x000000077ab00000,0x000000077b580000)
  to   space 44544K, 0% used [0x000000078d680000,0x000000078d680000,0x0000000790200000)
 ParOldGen       total 157184K, used 45570K [0x00000006c0000000, 0x00000006c9980000, 0x000000076ab00000)
  object space 157184K, 28% used [0x00000006c0000000,0x00000006c2c80af8,0x00000006c9980000)
 Metaspace       used 20683K, capacity 21040K, committed 21296K, reserved 1069056K
  class space    used 2507K, capacity 2607K, committed 2688K, reserved 1048576K
}
Event: 5.018 GC heap before
{Heap before GC invocations=7 (full 1):
 PSYoungGen      total 272896K, used 262144K [0x000000076ab00000, 0x0000000790200000, 0x00000007c0000000)
  eden space 262144K, 100% used [0x000000076ab00000,0x000000077ab00000,0x000000077ab00000)
  from space 10752K, 0% used [0x000000077ab00000,0x000000077ab00000,0x000000077b580000)
  to   space 44544K, 0% used [0x000000078d680000,0x000000078d680000,0x0000000790200000)
 ParOldGen       total 157184K, used 45570K [0x00000006c0000000, 0x00000006c9980000, 0x000000076ab00000)
  object space 157184K, 28% used [0x00000006c0000000,0x00000006c2c80af8,0x00000006c9980000)
 Metaspace       used 26583K, capacity 26954K, committed 27264K, reserved 1073152K
  class space    used 3260K, capacity 3384K, committed 3456K, reserved 1048576K
Event: 5.027 GC heap after
Heap after GC invocations=7 (full 1):
 PSYoungGen      total 491520K, used 24392K [0x000000076ab00000, 0x000000078ee80000, 0x00000007c0000000)
  eden space 466944K, 0% used [0x000000076ab00000,0x000000076ab00000,0x0000000787300000)
  from space 24576K, 99% used [0x000000078d680000,0x000000078ee52018,0x000000078ee80000)
  to   space 41984K, 0% used [0x0000000789c80000,0x0000000789c80000,0x000000078c580000)
 ParOldGen       total 157184K, used 45578K [0x00000006c0000000, 0x00000006c9980000, 0x000000076ab00000)
  object space 157184K, 28% used [0x00000006c0000000,0x00000006c2c82af8,0x00000006c9980000)
 Metaspace       used 26583K, capacity 26954K, committed 27264K, reserved 1073152K
  class space    used 3260K, capacity 3384K, committed 3456K, reserved 1048576K
}
Event: 6.069 GC heap before
{Heap before GC invocations=8 (full 1):
 PSYoungGen      total 491520K, used 491336K [0x000000076ab00000, 0x000000078ee80000, 0x00000007c0000000)
  eden space 466944K, 100% used [0x000000076ab00000,0x0000000787300000,0x0000000787300000)
  from space 24576K, 99% used [0x000000078d680000,0x000000078ee52018,0x000000078ee80000)
  to   space 41984K, 0% used [0x0000000789c80000,0x0000000789c80000,0x000000078c580000)
 ParOldGen       total 157184K, used 45578K [0x00000006c0000000, 0x00000006c9980000, 0x000000076ab00000)
  object space 157184K, 28% used [0x00000006c0000000,0x00000006c2c82af8,0x00000006c9980000)
 Metaspace       used 31942K, capacity 32336K, committed 32640K, reserved 1077248K
  class space    used 4353K, capacity 4473K, committed 4480K, reserved 1048576K
Event: 6.088 GC heap after
Heap after GC invocations=8 (full 1):
 PSYoungGen      total 551424K, used 41955K [0x000000076ab00000, 0x00000007a2f80000, 0x00000007c0000000)
  eden space 509440K, 0% used [0x000000076ab00000,0x000000076ab00000,0x0000000789c80000)
  from space 41984K, 99% used [0x0000000789c80000,0x000000078c578cb0,0x000000078c580000)
  to   space 50688K, 0% used [0x000000079fe00000,0x000000079fe00000,0x00000007a2f80000)
 ParOldGen       total 157184K, used 48885K [0x00000006c0000000, 0x00000006c9980000, 0x000000076ab00000)
  object space 157184K, 31% used [0x00000006c0000000,0x00000006c2fbd620,0x00000006c9980000)
 Metaspace       used 31942K, capacity 32336K, committed 32640K, reserved 1077248K
  class space    used 4353K, capacity 4473K, committed 4480K, reserved 1048576K
}

