# JRE version: OpenJDK Runtime Environment (8.0_402-b08) (build 1.8.0_402-b08)
# Java VM: OpenJDK 64-Bit Server VM (25.402-b08 mixed mode bsd-amd64 compressed oops)
Heap:
 PSYoungGen      total 551424K, used 228641K [0x000000076ab00000, 0x00000007a3f80000, 0x00000007c0000000)
  eden space 509952K, 36% used [0x000000076ab00000,0x00000007761cfb38,0x0000000789d00000)
  from space 41472K, 99% used [0x0000000789d00000,0x000000078c578a48,0x000000078c580000)
  to   space 50688K, 0% used [0x00000007a0e00000,0x00000007a0e00000,0x00000007a3f80000)
 ParOldGen       total 148992K, used 43442K [0x00000006c0000000, 0x00000006c9180000, 0x000000076ab00000)
  object space 148992K, 29% used [0x00000006c0000000,0x00000006c2a6c8b8,0x00000006c9180000)
 Metaspace       used 34449K, capacity 34896K, committed 35328K, reserved 1079296K
  class space    used 4639K, capacity 4795K, committed 4864K, reserved 1048576K
GC Heap History (10 events):
Event: 2.912 GC heap before
{Heap before GC invocations=4 (full 0):
 PSYoungGen      total 141824K, used 141793K [0x000000076ab00000, 0x000000077c000000, 0x00000007c0000000)
  eden space 131072K, 100% used [0x000000076ab00000,0x0000000772b00000,0x0000000772b00000)
  from space 10752K, 99% used [0x0000000772b00000,0x0000000773578588,0x0000000773580000)
  to   space 10752K, 0% used [0x000000077b580000,0x000000077b580000,0x000000077c000000)
 ParOldGen       total 175104K, used 37800K [0x00000006c0000000, 0x00000006cab00000, 0x000000076ab00000)
  object space 175104K, 21% used [0x00000006c0000000,0x00000006c24ea210,0x00000006cab00000)
 Metaspace       used 19878K, capacity 20260K, committed 20480K, reserved 1067008K
  class space    used 2436K, capacity 2543K, committed 2560K, reserved 1048576K
Event: 2.939 GC heap after
Heap after GC invocations=4 (full 0):
 PSYoungGen      total 272896K, used 10744K [0x000000076ab00000, 0x000000077c000000, 0x00000007c0000000)
  eden space 262144K, 0% used [0x000000076ab00000,0x000000076ab00000,0x000000077ab00000)
  from space 10752K, 99% used [0x000000077b580000,0x000000077bffe248,0x000000077c000000)
  to   space 10752K, 0% used [0x000000077ab00000,0x000000077ab00000,0x000000077b580000)
 ParOldGen       total 175104K, used 57618K [0x00000006c0000000, 0x00000006cab00000, 0x000000076ab00000)
  object space 175104K, 32% used [0x00000006c0000000,0x00000006c3844b88,0x00000006cab00000)
 Metaspace       used 19878K, capacity 20260K, committed 20480K, reserved 1067008K
  class space    used 2436K, capacity 2543K, committed 2560K, reserved 1048576K
}
Event: 3.313 GC heap before
{Heap before GC invocations=5 (full 0):
 PSYoungGen      total 272896K, used 62975K [0x000000076ab00000, 0x000000077c000000, 0x00000007c0000000)
  eden space 262144K, 19% used [0x000000076ab00000,0x000000076de019d0,0x000000077ab00000)
  from space 10752K, 99% used [0x000000077b580000,0x000000077bffe248,0x000000077c000000)
  to   space 10752K, 0% used [0x000000077ab00000,0x000000077ab00000,0x000000077b580000)
 ParOldGen       total 175104K, used 57618K [0x00000006c0000000, 0x00000006cab00000, 0x000000076ab00000)
  object space 175104K, 32% used [0x00000006c0000000,0x00000006c3844b88,0x00000006cab00000)
 Metaspace       used 20699K, capacity 21040K, committed 21296K, reserved 1069056K
  class space    used 2514K, capacity 2607K, committed 2688K, reserved 1048576K
Event: 3.334 GC heap after
Heap after GC invocations=5 (full 0):
 PSYoungGen      total 272896K, used 10751K [0x000000076ab00000, 0x0000000790200000, 0x00000007c0000000)
  eden space 262144K, 0% used [0x000000076ab00000,0x000000076ab00000,0x000000077ab00000)
  from space 10752K, 99% used [0x000000077ab00000,0x000000077b57fc40,0x000000077b580000)
  to   space 44544K, 0% used [0x000000078d680000,0x000000078d680000,0x0000000790200000)
 ParOldGen       total 175104K, used 59467K [0x00000006c0000000, 0x00000006cab00000, 0x000000076ab00000)
  object space 175104K, 33% used [0x00000006c0000000,0x00000006c3a12e58,0x00000006cab00000)
 Metaspace       used 20699K, capacity 21040K, committed 21296K, reserved 1069056K
  class space    used 2514K, capacity 2607K, committed 2688K, reserved 1048576K
}
Event: 3.334 GC heap before
{Heap before GC invocations=6 (full 1):
 PSYoungGen      total 272896K, used 10751K [0x000000076ab00000, 0x0000000790200000, 0x00000007c0000000)
  eden space 262144K, 0% used [0x000000076ab00000,0x000000076ab00000,0x000000077ab00000)
  from space 10752K, 99% used [0x000000077ab00000,0x000000077b57fc40,0x000000077b580000)
  to   space 44544K, 0% used [0x000000078d680000,0x000000078d680000,0x0000000790200000)
 ParOldGen       total 175104K, used 59467K [0x00000006c0000000, 0x00000006cab00000, 0x000000076ab00000)
  object space 175104K, 33% used [0x00000006c0000000,0x00000006c3a12e58,0x00000006cab00000)
 Metaspace       used 20699K, capacity 21040K, committed 21296K, reserved 1069056K
  class space    used 2514K, capacity 2607K, committed 2688K, reserved 1048576K
Event: 3.363 GC heap after
Heap after GC invocations=6 (full 1):
 PSYoungGen      total 272896K, used 0K [0x000000076ab00000, 0x0000000790200000, 0x00000007c0000000)
  eden space 262144K, 0% used [0x000000076ab00000,0x000000076ab00000,0x000000077ab00000)
  from space 10752K, 0% used [0x000000077ab00000,0x000000077ab00000,0x000000077b580000)
  to   space 44544K, 0% used [0x000000078d680000,0x000000078d680000,0x0000000790200000)
 ParOldGen       total 148992K, used 38643K [0x00000006c0000000, 0x00000006c9180000, 0x000000076ab00000)
  object space 148992K, 25% used [0x00000006c0000000,0x00000006c25bcc58,0x00000006c9180000)
 Metaspace       used 20699K, capacity 21040K, committed 21296K, reserved 1069056K
  class space    used 2514K, capacity 2607K, committed 2688K, reserved 1048576K
}
Event: 5.044 GC heap before
{Heap before GC invocations=7 (full 1):
 PSYoungGen      total 272896K, used 262144K [0x000000076ab00000, 0x0000000790200000, 0x00000007c0000000)
  eden space 262144K, 100% used [0x000000076ab00000,0x000000077ab00000,0x000000077ab00000)
  from space 10752K, 0% used [0x000000077ab00000,0x000000077ab00000,0x000000077b580000)
  to   space 44544K, 0% used [0x000000078d680000,0x000000078d680000,0x0000000790200000)
 ParOldGen       total 148992K, used 38643K [0x00000006c0000000, 0x00000006c9180000, 0x000000076ab00000)
  object space 148992K, 25% used [0x00000006c0000000,0x00000006c25bcc58,0x00000006c9180000)
 Metaspace       used 26582K, capacity 26922K, committed 27264K, reserved 1073152K
  class space    used 3255K, capacity 3352K, committed 3456K, reserved 1048576K
Event: 5.056 GC heap after
Heap after GC invocations=7 (full 1):
 PSYoungGen      total 494080K, used 23889K [0x000000076ab00000, 0x000000078ee00000, 0x00000007c0000000)
  eden space 470016K, 0% used [0x000000076ab00000,0x000000076ab00000,0x0000000787600000)
  from space 24064K, 99% used [0x000000078d680000,0x000000078edd4768,0x000000078ee00000)
  to   space 41472K, 0% used [0x0000000789d00000,0x0000000789d00000,0x000000078c580000)
 ParOldGen       total 148992K, used 38651K [0x00000006c0000000, 0x00000006c9180000, 0x000000076ab00000)
  object space 148992K, 25% used [0x00000006c0000000,0x00000006c25bec58,0x00000006c9180000)
 Metaspace       used 26582K, capacity 26922K, committed 27264K, reserved 1073152K
  class space    used 3255K, capacity 3352K, committed 3456K, reserved 1048576K
}
Event: 6.227 GC heap before
{Heap before GC invocations=8 (full 1):
 PSYoungGen      total 494080K, used 493905K [0x000000076ab00000, 0x000000078ee00000, 0x00000007c0000000)
  eden space 470016K, 100% used [0x000000076ab00000,0x0000000787600000,0x0000000787600000)
  from space 24064K, 99% used [0x000000078d680000,0x000000078edd4768,0x000000078ee00000)
  to   space 41472K, 0% used [0x0000000789d00000,0x0000000789d00000,0x000000078c580000)
 ParOldGen       total 148992K, used 38651K [0x00000006c0000000, 0x00000006c9180000, 0x000000076ab00000)
  object space 148992K, 25% used [0x00000006c0000000,0x00000006c25bec58,0x00000006c9180000)
 Metaspace       used 32285K, capacity 32740K, committed 33024K, reserved 1077248K
  class space    used 4402K, capacity 4545K, committed 4608K, reserved 1048576K
Event: 6.255 GC heap after
Heap after GC invocations=8 (full 1):
 PSYoungGen      total 551424K, used 41442K [0x000000076ab00000, 0x00000007a3f80000, 0x00000007c0000000)
  eden space 509952K, 0% used [0x000000076ab00000,0x000000076ab00000,0x0000000789d00000)
  from space 41472K, 99% used [0x0000000789d00000,0x000000078c578a48,0x000000078c580000)
  to   space 50688K, 0% used [0x00000007a0e00000,0x00000007a0e00000,0x00000007a3f80000)
 ParOldGen       total 148992K, used 43442K [0x00000006c0000000, 0x00000006c9180000, 0x000000076ab00000)
  object space 148992K, 29% used [0x00000006c0000000,0x00000006c2a6c8b8,0x00000006c9180000)
 Metaspace       used 32285K, capacity 32740K, committed 33024K, reserved 1077248K
  class space    used 4402K, capacity 4545K, committed 4608K, reserved 1048576K
}

